<?xml version="1.0" encoding="UTF-8"?>
<!-- Generated by org.testng.reporters.JUnitReportReporter -->
<testsuite hostname="DESKTOP-FPTPHKG" failures="0" tests="1" name="com.FocalPointK12.testCases.TC_LoginTest_001" time="57.032" errors="0" timestamp="2020-03-11T19:38:44 IST" skipped="0">
  <testcase classname="com.FocalPointK12.testCases.TC_LoginTest_001" name="logintest" time="57.032"/>
  <system-out/>
</testsuite> <!-- com.FocalPointK12.testCases.TC_LoginTest_001 -->
